Start testing: Apr 08 17:09 CST
----------------------------------------------------------
1/1 Testing: Tests
1/1 Test: Tests
Command: "/home/shenmaa/codes/SJTU_CP2024/4.1/build/Tests_IsingSpin"
Directory: /home/shenmaa/codes/SJTU_CP2024/4.1/build
"Tests" start time: Apr 08 17:09 CST
Output:
----------------------------------------------------------
===============================================================================
All tests passed (74 assertions in 5 test cases)

<end of output>
Test time =   0.00 sec
----------------------------------------------------------
Test Passed.
"Tests" end time: Apr 08 17:09 CST
"Tests" time elapsed: 00:00:00
----------------------------------------------------------

End testing: Apr 08 17:09 CST
