Start testing: Mar 18 14:18 CST
----------------------------------------------------------
1/1 Testing: UnitTests
1/1 Test: UnitTests
Command: "/home/shenmaa/CP2024_code/3.11/Example_catch2/build/UnitTests_catch2"
Directory: /home/shenmaa/CP2024_code/3.11/Example_catch2/build
"UnitTests" start time: Mar 18 14:18 CST
Output:
----------------------------------------------------------
Randomness seeded to: 2513801331
===============================================================================
All tests passed (7 assertions in 3 test cases)

<end of output>
Test time =   0.01 sec
----------------------------------------------------------
Test Passed.
"UnitTests" end time: Mar 18 14:18 CST
"UnitTests" time elapsed: 00:00:00
----------------------------------------------------------

End testing: Mar 18 14:18 CST
